<?xml version="1.0" encoding="UTF-8"?>
<!-- Generated by org.testng.reporters.JUnitReportReporter -->
<testsuite hostname="LAPTOP-4513KI40" failures="0" tests="6" name="testpkg.Testclass" time="34.271" errors="0" timestamp="2024-06-06T23:30:32 IST" skipped="0">
  <testcase classname="testpkg.Testclass" name="lg" time="3.144"/>
  <system-out/>
  <testcase classname="testpkg.Testclass" name="verifyLoginWithValidCred" time="5.618"/>
  <system-out/>
  <testcase classname="testpkg.Testclass" name="assertion" time="0.021"/>
  <system-out/>
  <testcase classname="testpkg.Testclass" name="clicknewarr" time="13.642"/>
  <system-out/>
  <testcase classname="testpkg.Testclass" name="clickcart" time="11.593"/>
  <system-out/>
  <testcase classname="testpkg.Testclass" name="test" time="0.253"/>
  <system-out/>
</testsuite> <!-- testpkg.Testclass -->
